6 252 279 270 178 52 130
15 99 75 53 28 222 3 61 140 16 196 141 206 37 153 175
5 250 100 69 9 274
11 41 88 63 244 11 119 112 152 262 240 49
16 180 259 273 19 188 214 295 177 48 101 181 12 215 123 173 132
16 249 159 95 18 200 166 102 202 158 160 131 45 106 66 120 186
14 54 80 62 150 156 243 22 190 31 55 142 30 233 151
11 108 161 38 232 172 121 117 195 138 126 183
2 278 149
13 136 227 125 21 230 217 271 170 114 139 265 145 297
14 87 72 24 13 171 44 224 111 90 201 155 154 97 77
10 164 7 286 133 225 57 68 83 231 293
3 228 189 165
11 168 134 92 267 32 27 76 287 194 84 169
18 34 110 4 299 210 74 113 29 40 185 209 70 248 266 71 229 94 257
11 184 103 127 198 239 253 197 205 264 1 211
2 93 5
9 105 39 241 122 26 109 6 81 219
14 275 8 246 276 290 187 245 174 50 89 199 242 176 143
3 115 59 46
15 216 226 277 128 146 254 207 73 42 118 98 223 182 43 208
17 167 148 56 60 79 282 64 268 191 235 35 78 280 17 251 272 2
9 193 107 96 14 23 124 255 292 247
0
0
0
0
0
0
0
0
0
0
0
0
0
0
0
0
0
0
0
0
0
0
0
0
0
0
0
0
0
0
0
0
0
0
0
0
0
0
0
0
0
0
0
0
0
0
0
0
0
0
0
0
0
0
0
0
0
0
0
0
0
0
0
0
0
0
0
0
0
0
1 67
16 296 220 218 263 261 284 258 237 147 283 291 20 51 104 47 135
2 192 288
9 212 294 137 144 213 281 157 236 10
10 85 162 260 285 129 91 204 82 86 163
1 256
10 0 116 203 58 15 298 269 25 238 289
