29 84 88 187 474 1066 1515 1757 2695 4008 4078 7463 8640 6263 6301 9157 2479 5278 2808 4440 5220 8068 7419 8776 3523 7056 4500 2879 6368 6631
18 303 568 677 719 5247 9983 1681 4523 4389 9245 2367 8358 9745 5461 1788 1662 9499 8429
25 1178 9273 5962 7457 599 9089 6134 6808 2272 1428 5004 3447 7094 5793 2242 8778 6878 3226 3600 5644 3922 9013 5044 1288 8091
28 1209 1315 2432 2519 4525 5440 5970 6031 3292 126 1519 3979 8779 125 4025 5984 9350 7706 7168 2816 2097 7670 4010 7681 2219 6573 1619 8519
19 1335 1543 1560 9393 9707 2465 672 549 7561 1660 7103 5700 387 8928 4453 7972 2821 4273 5790
19 1992 2135 2356 2571 2920 3869 6412 6466 6670 7109 8294 500 941 5696 6510 5270 5832 6499 8265
19 2949 3253 3629 3696 852 8661 6378 2051 7672 4144 5840 7644 4229 652 5560 9775 4540 3224 1038
5 3156 3580 6783 7013 8727
15 4094 4309 4377 4435 5868 6403 7610 8212 6982 614 5640 4809 8169 2099 3858
20 4839 5018 5299 5335 6002 6252 5730 2851 3599 1265 6860 7470 1829 312 8712 5775 1848 7540 7307 762
19 7399 7475 7928 7956 7965 8175 8310 9313 9752 2247 3117 3225 3882 6489 9600 2830 9568 4729 7281
18 8292 8773 9397 6897 6975 4535 2793 8525 7897 6525 2378 1577 3192 7170 5960 2550 3140 8384
29 9913 2031 753 6643 2320 379 4981 9800 3992 3213 5180 4290 7402 8115 9435 450 5796 1373 829 3318 1089 5275 44 1127 9808 49 966 792 9532
25 9976 4379 3607 8878 8266 3157 5040 1861 2710 3139 7718 6733 3406 7708 449 4565 9318 9170 5850 5595 5010 1540 3558 747 7649
23 5497 9847 2735 7657 4090 3442 2015 4947 5862 4335 5577 414 7099 556 4732 9893 5492 6394 7261 1467 7051 579 4374
24 9084 7429 5693 6822 4494 9619 6689 3940 7730 5879 2057 5094 3328 4669 4651 4038 5999 3449 3689 7003 1401 2481 9451 8123
31 1305 9563 5192 3055 1097 4601 9003 8731 3090 6277 7275 893 8926 7594 953 3846 3216 3501 6375 3968 5597 8920 1068 7371 2030 3834 3954 1927 5812 3014 690
34 4742 700 423 8518 1273 9514 2720 7861 713 5934 6815 6381 3307 403 9911 1330 865 8017 5210 5694 4569 6505 6891 1953 5396 2936 5035 8443 6632 8558 2795 9891 2098 2697
5 8890 7179 7330 2522 641
13 6901 7070 5445 1105 6868 6983 4591 1471 6262 17 4978 1850 7025
19 4679 225 7096 9561 6659 3394 7078 777 4988 90 8601 6043 356 3413 9295 3920 6347 8392 923
33 2883 3817 9305 5324 1867 4758 9869 7226 6966 9761 9737 7501 7624 3295 9155 8624 5582 4486 7935 8166 8141 1125 9348 1382 1035 9958 6490 4122 6687 1950 1076 2704 2100
16 4059 1138 311 5952 1745 9858 1872 6297 2875 5372 8186 6036 8807 5039 4457 3824
14 2917 6706 769 5717 7499 2538 8967 4447 932 9200 3627 3422 7702 2280
18 7957 4071 8477 5235 4387 1192 9471 7247 2699 8315 1760 5673 5787 2094 7052 8503 8861 1293
33 519 606 8708 3549 5300 9046 8158 8073 6338 5621 3701 6024 1169 4213 6882 4775 2174 6885 6103 2086 2645 7149 515 7599 594 9293 5333 226 5392 9794 6616 5460 8879
14 1776 8950 563 4698 3027 26 243 5157 3917 4961 2342 3265 401 1377
23 6663 9409 3167 4475 7180 2791 6786 9845 2856 3220 9202 5866 8190 2173 9539 2866 4146 3728 1280 4399 13 108 8939
14 9679 768 8699 9274 7379 5426 9655 4068 4301 9154 4337 4795 7163 797
15 5860 8670 4804 1535 7720 9258 1623 3383 5119 8461 2069 9854 4474 5224 1602
14 8758 1908 6742 1491 8034 6638 6399 629 4792 3648 7829 6925 7341 2758
32 6916 3555 2008 6607 1773 271 8574 8207 3680 1496 6274 6589 2406 2810 388 6462 689 9879 7507 8811 6187 9331 4322 7107 7201 2517 8497 1795 7054 9898 9336 3665
27 9888 6807 6831 4056 2603 7156 8209 5744 4170 3989 4080 4666 6526 1352 3205 3624 1433 3752 1598 6443 9534 5080 1388 3296 9750 7241 4005
5 2316 2576 741 2176 6753
26 2061 8520 2424 8262 2357 7346 196 7525 9221 8334 3536 7529 8621 5778 5019 7886 8845 6675 331 4252 571 9885 9931 307 3971 3857
18 5086 4948 6159 2626 1995 3200 4250 32 3057 2473 9044 1975 7545 5916 5703 532 8888 5563
13 4058 2384 4762 815 3214 2873 7400 478 9201 6354 6005 8891 455
19 4618 1005 9979 6361 2296 1438 7129 3104 4815 9757 3319 6825 3729 9621 7280 609 3711 3687 1115
13 7929 8728 3410 5227 9463 5480 3516 3889 1044 3520 9120 3126 2880
33 7401 622 8086 1406 9246 3461 9469 5920 8682 922 6216 4593 2011 7729 9975 5995 5486 1424 1396 5556 714 5389 940 5898 2038 158 3109 3301 7821 4769 9773 4315 9714
14 4855 9140 7799 8227 7910 8570 362 2488 9922 3727 3415 3945 2321 5055
22 273 9325 5649 2209 7118 7150 4167 6839 1967 1921 3154 7939 1976 5950 8771 8356 1279 4896 1813 1961 1966 70
37 3444 5769 1664 8675 6269 9935 7116 2928 2642 989 5477 2731 3493 6618 2480 9440 4828 5608 8659 7414 6140 5268 3152 8442 7848 227 4571 6091 9119 3713 4192 7264 2727 7084 7980 5669 316
4 8703 7862 1949 5982
26 117 8329 9411 2531 8149 9406 2714 3067 206 6450 4207 2235 4297 832 9617 3530 6610 6668 6690 1661 9551 6355 452 2730 5937 8211
25 7913 5662 1331 1746 7941 252 7415 4224 4561 9136 2116 7570 2437 6436 6459 8969 201 1136 8495 5687 8846 4015 6158 5661 1207
36 6695 4143 7141 4098 6794 8586 6304 4630 3083 2967 3051 8353 9357 7037 5835 8743 2332 2614 1394 8692 4845 6617 4902 2789 6528 6372 5980 3452 8905 6792 7257 7593 5423 9648 2307 8925
23 7040 4346 4495 4586 1838 7889 7704 5332 6085 4378 1842 1827 3178 6431 1011 9518 1361 6626 3504 8762 7751 4018 391
31 3855 6541 7455 3826 9974 1251 1959 164 92 7856 4331 6279 2972 1096 8960 8492 889 4092 5502 7195 983 3481 7012 3087 8744 1126 7519 8611 4193 9391 6073
19 3371 8559 8509 5218 3640 8449 5006 3603 9925 7960 8248 9730 1990 2331 3695 6653 1172 879 9878
39 9675 8395 9291 9166 3651 2106 2143 2511 3403 9105 5156 9209 7916 9263 9222 8610 508 8413 1259 9844 1255 6708 3339 1468 2994 8415 2749 914 3010 1901 8317 8623 4946 2091 3563 2968 7878 8942 3238
22 6198 2941 554 6912 2515 4907 8620 9784 5042 2945 9351 510 1824 4076 3013 9966 5325 8333 1825 1837 8613 9387
22 9449 211 461 8945 1051 6680 582 1320 9884 2580 5350 7497 7031 6599 6049 2734 9703 6390 8352 1641 9749 2408
17 4307 6961 489 6780 477 699 9691 1142 615 3022 1693 2171 3905 7920 2835 8793 3560
7 375 6160 1883 6150 4848 3739 2591
19 1040 7064 8484 7891 9144 9252 9079 1770 9431 6077 5448 344 8045 5893 3179 7074 1149 8251 3984
24 222 445 2507 2297 7940 4394 5768 1911 3121 490 2694 7130 1853 3091 7652 5277 132 3132 8663 4504 7349 7831 3863 1958
27 9550 9199 3532 4270 1896 7794 8316 1417 4055 4060 9213 6326 5259 4805 512 6773 5561 8199 2563 6318 5098 6992 8012 2136 3488 1408 3838
12 1135 2414 1857 9572 8006 8221 1621 6666 2454 8365 9599 6322
19 3578 5679 137 6495 5992 433 214 9902 1926 9239 3736 1533 9802 4581 6899 9338 9953 6011 8923
35 5424 5341 3692 7709 5858 6239 6409 5054 9832 1355 5766 1250 9964 4857 1282 4314 5708 536 2417 9994 5364 495 5763 3707 7721 1890 6432 9413 9063 4577 1483 8423 6701 299 3836
11 4894 268 3655 1593 5721 933 2663 4913 8973 1143 5513
27 920 1353 8184 7113 5603 3314 215 2390 4443 366 3902 1034 4881 9092 3283 195 9688 7675 8474 2001 8633 7427 3002 2521 8174 4157 170
21 9799 2912 5161 1227 658 5808 6884 7355 9462 5016 3828 8270 2012 4505 2088 8972 8900 8948 8282 3871 5760
23 2559 5716 4829 4449 7366 6987 8904 816 9734 9358 4582 5956 9233 8003 6219 4210 4191 9509 4448 5266 6136 5248 4662
26 961 157 6424 7711 5358 2426 6296 4867 284 7787 2799 2927 4595 2954 7176 1271 1692 1292 9270 9554 7510 4632 1253 7071 4936 8000
23 372 3103 8578 3901 8407 2156 8103 8826 8007 2621 4204 2137 924 7021 7288 8986 7192 8304 4032 8885 9756 7992 1549
35 7952 6694 1784 1372 8459 2711 1363 7572 8637 3840 7492 3778 1160 649 3859 4734 4539 2089 1756 2715 9583 2148 1727 1769 7388 3662 5115 6500 4178 1080 1153 8707 204 4041 8279
12 3654 8599 7945 4678 988 5177 5781 1506 1419 7722 6112 2138
9 24 585 7318 8965 9231 174 197 5811 7001
16 2869 9121 4512 3352 3195 9594 5506 9488 2871 2980 5826 2194 7530 5368 6521 8301
13 8962 6649 7088 4546 9768 7804 6320 7345 6126 2666 8340 3028 1327
34 4637 3743 6913 5572 1121 482 4003 8368 3818 9159 3981 6902 6562 5155 5140 2837 6444 6205 2087 5183 701 9423 7377 6124 8172 7517 6144 5609 8714 6723 36 1542 3035 6246
32 4150 7877 2313 7140 7398 6493 4223 4084 8464 8155 1845 4256 9962 8214 1364 6179 3799 3231 947 5176 3285 4219 1988 2478 4614 3700 1375 4579 5570 8389 8468 3042
22 6115 1978 1724 3276 7320 7357 4635 9944 2605 3795 3114 9171 5344 4247 1912 8339 8111 7128 1712 8561 8139 6514
33 3988 5381 5402 3918 4693 3170 6741 9805 655 511 3502 9242 1494 9505 5298 1799 4125 2935 3222 5704 6940 6608 634 262 1632 160 574 3125 4751 1726 9390 296 8717
14 5885 8342 7810 7948 4183 9343 9590 9217 5814 7959 1903 421 6093 9876
5 541 7640 2418 6557 2951
19 6228 1815 3697 3005 7230 3329 9320 2455 4863 2825 9134 2434 8303 4230 6317 371 5978 2185 7537
10 1833 8420 9698 8783 4781 2838 3202 9010 3734 948
21 29 2327 4873 8302 3160 2335 4421 9705 506 9118 8642 1256 9019 9598 9047 5084 2701 4991 1295 926 8612
19 55 583 7229 2589 1734 4164 9890 3193 1513 7560 6692 5925 1567 7893 9855 5078 3312 9921 1367
21 9523 3025 610 2828 5727 3579 1013 5510 8832 6836 439 8766 4411 3634 287 2120 1691 5961 3048 6934 251
7 9216 1563 4355 9812 8809 9687 1159
9 9283 9581 1332 3540 9459 7317 3932 4199 7600
24 4842 9207 4066 7186 9402 4648 6951 7580 9251 9718 5552 801 6469 50 9389 8201 2010 1036 7304 3716 3240 9787 7742 3781
35 1888 5902 8698 1447 7198 3976 9965 5757 8521 4202 1684 6357 2852 3952 876 4858 2898 2206 5302 9644 3323 5216 2990 4259 7723 7875 2004 9017 6079 5418 4926 1987 7744 2836 9024
8 734 1879 3990 3849 5214 9927 5312 5398
11 3149 3239 7227 179 2101 1703 631 1156 5037 5545 5244
33 7119 7293 2233 3758 6307 8309 6220 3583 5228 6896 8652 2702 1568 2468 3925 3550 7462 5379 3293 7062 7743 72 1782 4619 8887 4674 192 4671 416 8619 3837 2361 3612
14 4214 6656 1512 7451 9412 1564 1399 9197 5928 1952 7136 9909 6944 3458
17 2986 4882 2944 3430 1904 7337 7209 7276 120 2270 2415 5289 7383 7674 2336 5401 8330
32 297 2429 8787 1113 8277 2198 9353 6356 5267 1369 4888 8164 7515 8229 5907 93 4625 1747 5385 7635 6854 7405 6289 7299 1321 3653 1798 1517 9719 2310 4310 5977
13 3281 9020 6662 109 2123 8370 2904 4064 6749 4520 1266 2461 7581
20 957 3008 8458 8715 7638 839 4020 7628 5584 921 2969 7301 2048 4559 2231 1050 8656 7552 8129 9914
27 6724 6843 7435 3575 9996 874 1276 5955 330 531 2385 1511 3867 9272 9424 6962 7971 2264 3210 4915 6478 5186 5607 727 4023 3023 9693
29 3693 7028 9452 5466 481 3717 6903 9135 6247 3685 4879 1391 7724 2921 4046 1045 2151 8431 686 3553 9506 9683 9946 6667 4118 4492 289 8070 2492
15 2020 61 3168 1492 8739 9813 4507 9954 6092 3658 8276 5138 6534 4962 840
22 8406 219 3333 5237 7224 8410 7934 572 7477 8243 4699 7837 8062 3086 4051 5820 4151 3033 4416 5889 5718 5476
30 5598 6900 1384 6849 6851 6200 2261 4914 595 9070 5847 2901 6451 4358 2636 754 6290 3893 8958 2204 1933 4572 5930 5319 6295 8781 9257 9764 9025 8674
7 3030 2324 9864 5815 4119 5441 3064
13 3471 3321 7699 3878 2150 752 6545 743 1131 8825 9690 6715 1052
29 8102 1407 6123 9985 854 9180 1453 74 2164 1193 3085 1831 7857 4690 2765 2850 5191 8593 4620 4000 7291 4917 603 5126 9115 3604 2353 6323 7057
35 8840 8564 8557 6658 5112 4200 5089 1010 8536 7434 3038 1324 6719 1864 286 2842 9238 1012 724 7077 2345 1236 453 6556 4578 2433 7800 9865 6464 5363 5618 3492 7214 5896 9637
20 5406 7911 6485 7020 8713 5954 1580 4101 7663 5837 7274 2989 6238 5229 1877 7487 1242 971 6817 9993
31 1528 6965 8290 2147 1508 9872 9537 8118 3364 3261 4895 6041 4104 8534 2863 6678 8284 3832 2396 333 3982 1719 2027 5203 1894 5788 6401 488 5688 5065 2243
6 8204 6502 3358 8954 3353 8596
33 1735 3667 696 9852 4455 6410 5816 2470 127 9458 3609 1979 8533 9611 897 4821 8293 1308 4747 1383 2443 3235 276 8015 3376 5947 7623 625 2002 5784 9417 4545 6300
30 5304 6633 1228 5990 7677 5771 2056 2409 6580 8785 4347 7316 7727 3432 8511 4685 6038 1314 8359 9967 2365 6511 1706 3431 3956 6918 7185 393 9088 5179
17 6321 6308 1351 7124 6282 2459 9587 1362 4864 2046 4861 6007 6844 9198 7814 729 7335
32 1269 2520 6756 9830 7312 8093 3420 761 3636 4607 9364 1412 7197 8051 2234 4564 3924 6622 9043 1501 9630 3397 1989 4262 1167 9825 496 2811 7218 9210 1147 2329
14 6039 2439 3877 9292 6970 9113 8437 4382 186 9244 2567 5164 2752 2620
15 3457 6418 9405 7325 7030 5546 4837 750 6166 2182 9145 6693 1195 9123 8594
24 4687 6139 6329 1024 6164 3381 6414 7735 7016 2197 5681 8362 2757 9762 7752 7855 3497 1385 3517 7979 7053 8124 9069 2853
22 3564 4644 7282 6172 7761 3895 6674 8099 3007 3854 2804 7627 6953 740 5651 2308 9905 5897 937 2683 9129 4554
20 580 1794 1170 2942 8435 1625 2782 1500 8042 5453 881 8742 8860 1768 501 1800 9508 6713 8571 1015
10 4788 9733 3249 739 6199 2736 4808 3041 8260 4695
23 6456 5881 3708 3534 6728 3907 5958 9706 9816 5529 7024 242 1882 1486 9218 9597 1404 8765 1161 9339 3886 2993 3780
33 8179 7188 5615 4706 842 3029 9255 3066 9512 6101 9165 159 374 8827 6248 2246 1071 3948 4473 6146 7285 42 1444 1171 9664 2469 1858 6828 4702 9567 3637 7950 9196
22 6952 2774 19 9090 7846 5369 5554 326 950 4205 1245 3345 1846 546 8644 9264 2467 4937 6042 684 1525 2445
28 5245 5393 1489 1588 2690 290 6739 2997 6402 9684 9195 514 3930 6333 5317 3635 7298 6863 2978 1818 9848 3670 6852 1478 1085 5544 4363 4803
7 7468 6937 5795 2575 6766 4390 3749
13 1866 1194 8803 7686 2059 1565 1725 3909 1891 2078 8705 5122 6527
36 1993 8213 7114 627 1100 7927 3073 9625 2323 1762 7171 9075 2966 425 5099 5709 6838 5163 1448 6963 5411 5005 3404 274 958 139 363 8704 9531 2890 7105 8046 4189 6177 2623 9215
38 9901 3049 1605 8055 8426 3821 718 640 9712 7912 8378 4356 9809 5910 1643 7361 1348 9208 4628 3316 112 2153 1307 1154 8242 2256 4681 9181 441 1611 4333 1919 9365 2638 4983 5127 4556 2252
15 2278 7849 666 6582 7271 8819 4014 1061 101 3248 8467 7300 5791 7251 9277
19 9626 4536 1609 3608 9072 5167 2364 7820 4165 3777 9448 4175 6371 9615 2929 2223 2529 7008 2090
30 9187 6654 1860 6155 8784 5626 9819 9262 2706 5405 8953 2906 1820 3606 692 3340 37 4682 8475 1371 213 1164 6561 2127 8457 7038 7059 3923 831 5825
25 5222 190 7471 8566 8462 5541 1628 9738 6222 8244 216 5976 6366 232 863 9894 4004 420 6175 2496 2858 207 4923 4599 4580
15 8271 7687 1803 2184 3691 8312 4832 3173 586 9230 7368 9863 7978 1262 6960
21 9670 3527 6110 9306 9316 3786 9487 782 7464 4036 4234 748 6791 5936 4598 2723 6084 3835 9309 4510 770
14 3647 1999 9828 7549 7917 1606 4740 4514 6720 5286 7767 2298 4759 8163
13 7716 2263 7447 4026 1548 3385 9455 1971 5594 3131 7390 6621 3388
23 113 3546 817 3208 5487 7779 9022 4264 7791 3470 8470 8906 3256 7331 6142 2995 7725 471 2692 4509 410 6148 8311
31 5343 8425 7512 3572 8902 951 4656 2781 6639 1436 382 4282 5306 6064 9785 5026 7626 4217 6486 6264 2186 2739 1763 2155 4215 7083 648 1698 5407 5003 8178
22 8587 6404 4885 9851 4910 3188 2518 6141 6078 1311 5193 1779 121 6379 4787 9881 6571 9754 7620 5908 6612 2430
33 6767 8630 3294 2079 945 3424 457 2382 2060 3435 1509 6062 993 5116 7712 959 7900 7384 5262 4688 5929 3241 5249 1714 9193 53 1789 3548 7526 324 8451 9484 6433
19 6044 1637 4583 9920 7631 4826 6454 9341 4021 8030 4756 4819 2977 538 412 6866 3115 6061 5071
23 8189 726 7768 4686 9042 5642 9546 5088 7309 147 9288 3466 6319 694 7944 3161 3996 5740 9840 8364 3576 6991 1892
11 394 567 3148 6558 3459 7792 493 3921 5593 2343 5903
20 5027 8029 3138 3396 2305 1272 7994 4930 7643 6491 459 5031 2498 1695 8399 3519 7736 4022 6365 4865
11 5971 5387 1651 1421 8088 9746 2604 8943 8683 5362 8106
19 6529 3596 7210 277 7637 9696 9947 98 9179 9981 8695 6805 6243 1067 5839 2259 1570 4723 3987
29 9820 9347 8376 8774 9559 4225 977 6886 6871 3784 1211 9641 3228 8662 5134 4340 434 2062 7505 6829 5852 8252 198 4573 5762 1484 5676 5198 8636
31 4877 6457 1635 4194 2566 2216 1222 6584 5690 7448 6359 5074 463 5201 2599 744 7538 7588 7798 2358 7265 6539 4963 8567 5468 9468 4680 1354 3310 9168 4741
9 3245 7329 5890 1804 306 5316 4811 8089 667
17 6189 4208 6752 1524 9575 4957 8615 4070 2514 7027 3884 7029 9007 4180 783 9296 432
9 1414 5743 8629 368 5284 5537 4770 9682 6686
26 8489 2536 9544 5189 5295 5917 8112 4862 8665 9645 4965 4714 1531 7231 8218 8108 2268 2595 2413 3630 8281 1007 7667 5884 6889 3741
17 7864 9473 5818 5746 6206 1518 9657 9065 9127 5713 4724 6426 4072 1123 9376 946 1626
17 3147 3735 4249 352 7757 613 9798 9704 9422 9961 7973 1925 1238 5432 5935 2764 4649
32 8932 5491 2784 513 4665 6245 4953 9842 1631 775 7679 1431 6641 9987 6059 5801 8755 2506 5072 149 1116 322 547 3234 9269 5575 8569 9312 4691 8797 8877 3069
20 4984 5113 1973 8481 6138 2729 6830 3011 2398 6707 8822 3242 1618 7584 1696 3927 5828 644 5836 1060
18 3409 1874 5250 7065 6602 9571 1668 361 4280 6947 850 6869 9308 5454 79 8802 148 8959
26 3236 2641 3196 2963 661 4109 5025 6922 2916 8609 1189 3122 2374 2402 9444 9490 6234 5587 8549 3508 6995 654 5331 4755 7242 229
22 6745 3338 7808 7873 3790 3476 1871 3454 6743 3186 3894 7750 4033 5911 5919 2005 4287 246 9467 3671 9792 7166
18 2166 9087 3291 688 6363 8177 2139 4407 6396 261 8669 5349 2294 7832 3158 9895 9253 7228
8 7612 9052 7319 6003 6058 2982 2660 5294
9 7108 2110 7562 4677 3694 7194 9299 6253 6591
13 2738 4428 8323 1030 9012 6125 1201 2952 2900 4123 3315 1004 4796
29 9649 3384 6804 1267 9654 5783 102 5724 4477 6460 9729 3731 9778 5472 8872 1042 3856 4903 7853 1094 619 3897 2820 6661 9932 2249 6057 4886 4823
30 789 9011 6563 7092 2696 4786 2128 1220 987 9000 8134 1771 282 304 8933 5734 1905 6083 3660 4831 7408 9008 8132 4458 5048 5051 7964 8232 1972 4348
29 1323 7104 2523 825 3585 1755 8529 8037 6089 3949 8239 575 9110 5786 5600 8725 3212 8532 1538 7328 9605 2047 9903 3440 3324 9099 7476 4841 6364
33 3197 6740 5425 5957 4376 8768 5751 8094 674 6672 4617 886 6727 4209 9300 2938 1656 4916 7788 2144 2903 6483 5568 3412 7238 2222 1957 7639 7426 7202 6019 5753 1510
35 8024 315 3092 7602 8133 3615 4024 952 4664 6067 3584 280 8148 2622 5725 319 2607 7389 3547 8126 1317 3959 6823 9162 6037 6837 8634 5588 6022 5974 9058 6933 7938 901 9850
35 7287 8020 5060 9401 2401 5699 3915 6615 169 7364 1443 6476 2054 5219 9701 1069 7647 7148 4777 3999 5023 2861 6714 3980 875 9725 4817 5505 270 925 3175 5207 3698 6445 1350
31 3257 2293 9282 8588 6474 6985 7245 5238 8851 2107 9379 8918 912 776 6810 2341 8935 3913 5320 8907 2267 3485 1270 7892 4108 1575 7603 5599 5395 2210 20
13 8711 6910 1638 6898 624 7259 8961 9480 7352 4626 8810 6230 4325
16 7993 2512 3601 5540 6842 4137 5371 2584 2350 5645 4182 9398 9726 3941 4402 8080
33 6135 1090 4184 5507 7870 3972 3433 7387 1455 7984 5567 7381 6921 7967 133 3494 9709 5313 9080 8863 3567 855 5524 2282 9959 9437 1732 3898 7509 2905 6782 2786 3346
9 5991 2420 6532 3820 7771 9076 995 1452 9461
29 8736 4414 6924 6068 530 5307 7882 3759 1700 7629 3657 9652 8645 1117 408 1411 5102 2344 4459 1740 3844 2728 6637 868 4341 7348 7705 4197 8138
21 5213 5948 8021 9666 3068 9382 8653 9527 1676 7334 272 1679 9474 8598 8460 4106 7547 3595 8689 9049 8332
19 3311 499 6452 6730 1741 8031 2947 3962 5512 7520 6945 9404 4721 2775 5831 2976 8222 1202 3797
27 1630 9128 166 2915 5887 5756 241 7239 2693 2444 3145 5475 8049 7018 5728 8381 2494 2555 63 8117 2569 6524 7157 8235 6770 1663 5647
19 4260 4537 4935 1208 6873 8074 3141 4359 8992 9933 803 8234 6214 1462 504 8964 9676 955 4242
28 5875 1852 608 8040 3199 2000 8273 9035 4384 7555 4441 3305 4211 2104 4426 8911 3748 1832 809 1690 6204 974 2162 9663 7023 2579 7338 6477
25 4959 5856 7406 128 435 1430 5437 8500 7422 4019 1603 9160 7998 5559 3977 2205 5166 1229 8197 2582 9986 7268 5148 7154 8308
28 7553 1697 8434 7554 8940 8379 9948 7169 2525 4989 6156 1429 8746 680 6184 5104 9716 517 9748 2876 9755 3206 7144 4298 51 1645 1898 790
16 1984 4437 2422 5996 5636 6473 1634 7284 1477 7486 335 2895 604 1730 2487 807
29 902 4233 3354 9769 6352 152 475 4541 8804 1109 3203 462 9623 2191 6298 2700 7076 3391 8473 1836 9786 3171 5938 1103 9279 1285 8893 9555 8371
21 9137 4352 2330 7822 9823 7726 8830 6684 5670 1217 4190 77 7047 4152 9616 4513 9040 3015 8183 7087 0
23 2788 5049 502 6710 4396 1106 348 2857 8505 5824 2885 5534 1748 4087 8627 1781 2024 5715 6861 5785 4997 3521 7760
19 8848 200 5535 1200 4404 3270 6305 4403 3124 1985 4588 3320 5327 1397 6624 4670 6065 6348 6750
21 3951 9595 3334 8868 6119 9100 97 8998 3751 6102 3973 7461 6948 7121 1851 632 6577 5643 764 4275 7836
31 4511 4255 7737 5511 1667 992 5853 6422 5803 691 5770 4302 5208 1980 518 8545 6772 1720 1075 909 6522 1342 6325 3822 8751 323 2131 3745 4484 9184 5538
18 2006 3865 1054 3833 9681 8876 2240 3230 3806 7780 5178 8625 8499 4284 7204 3762 662 5150
30 6747 5698 4794 2539 4088 5107 3993 141 5241 1521 9516 2035 7143 9278 4075 4251 9780 8061 1786 735 5165 3730 6351 6651 6592 4676 5683 5011 7035 7219
30 2748 2742 1218 2537 1792 2250 100 9429 9394 2790 8506 7490 1612 3761 7142 129 4237 1058 1566 1806 8734 5612 3268 8267 8515 4129 705 9668 763 5592
29 2026 1869 8915 2338 671 9923 7010 6237 4244 6218 8901 9934 1840 4515 6406 2740 1029 9941 733 8264 3359 771 3455 1187 4501 9883 1400 73 2908
27 2436 965 9286 1503 3036 5135 5169 524 9268 7508 8562 5188 2125 5981 537 6397 4993 5196 2801 3771 3153 3243 8818 6194 9942 5410 9608
27 2899 892 245 7248 4016 8791 354 8938 5100 118 4206 1338 1930 9436 877 5421 8360 4694 5589 3955 3059 6759 8202 6335 9439 3914 2554
11 864 6208 6729 7386 4709 8026 9192 4711 936 8688 4646
9 5359 7546 1994 3445 8035 2304 2288 4412 5147
26 6877 9267 7086 2036 4704 46 1583 1415 189 6548 6306 2535 5872 4518 9142 3473 8010 1322 1446 1793 1390 7359 7437 2564 9781 2253
23 6735 5377 3842 6438 1557 1281 6762 6251 4872 6566 1875 1466 3963 4608 9686 8812 7841 8230 6285 8090 5202 3080 4779
22 5034 2975 3129 7446 6340 8187 704 5374 2360 6946 4113 2829 9790 3645 9407 1702 800 3331 2462 2524 4765 7482
13 7575 5639 8676 3004 5257 3943 75 3407 2372 7955 7739 1336 7983
28 8104 3368 601 2651 6026 552 2126 353 7503 454 6939 7807 4489 7007 1516 7351 9943 4265 8013 3582 3001 6227 2953 3063 5924 1881 479 2251
17 9685 6455 5205 6711 5712 3453 1215 4099 2802 2377 7466 8257 8288 3421 9659 8553 1699
17 400 442 4733 3414 8188 5576 6081 8075 4117 8033 9584 3308 3753 9205 9355 9547 5969
36 7082 9556 6255 119 830 5503 3477 300 5695 3451 4497 6746 1048 9837 5101 4496 3625 8903 5032 4547 7046 8584 2215 3935 3577 9591 5989 3357 642 6890 1437 6872 3978 8321 7489 5434
25 5654 8328 2649 6703 6023 7535 2453 3465 4074 9592 6642 2400 405 2109 2854 1761 4890 7782 3330 9957 8528 2615 2007 7568 6492
22 328 4833 7648 4048 7630 683 8140 2596 7189 4460 4647 7063 2500 8215 1155 6145 9622 6606 1636 7374 2606 86
19 1689 697 9030 4705 6446 4318 1349 9177 8617 4105 2065 5211 7823 194 1814 2299 2486 1093 431
29 9191 2681 248 135 4703 9951 7382 9037 646 2817 4636 9624 5635 7659 8760 1924 9056 6339 7734 9372 8753 6732 3350 4859 4261 4700 8216 7834 8865
26 8792 2881 9511 611 5799 5124 636 4163 9849 9880 2762 279 256 9456 9788 5288 9807 7378 6050 5030 9525 9203 5459 3275 1731 383
13 6377 814 2687 334 6555 3355 7336 5015 7660 6358 221 3298 7937
24 5500 7372 2783 1797 908 8160 8193 4654 3127 2034 9826 2931 4487 8775 4590 9955 1277 3078 4745 9501 2779 5776 4181 6080
27 8979 2957 41 3632 4869 8530 6648 8116 826 2260 1101 2477 8038 9741 7894 6775 894 7904 9384 8931 4097 6847 8592 653 4972 2502 7565
17 3891 1002 3722 6857 9321 6513 732 8361 2611 3438 4925 9732 2868 7756 1374 1213 5536
27 7428 4196 6265 5888 6293 39 1942 6579 1532 2179 1203 6104 7898 7949 1688 8383 5171 7728 4960 5905 1092 4425 1268 7244 7625 8053 1633
12 7585 3426 9483 2489 5 9124 7485 3162 4726 3322 443 4393
16 1674 9627 4980 6021 6173 4344 4400 4623 6106 890 6683 3075 3597 6181 4323 9868
21 5710 2118 7102 2754 2404 7456 8990 6283 3247 584 2796 862 7796 3714 8576 6846 859 1749 6249 9529 1284
17 8447 8254 7277 6652 617 4605 6893 5087 230 9054 9908 6908 1027 8488 2113 6981 3172
7 1530 4661 1221 5212 7662 1817 4641
6 1778 4365 5780 4905 4286 4951
10 3024 5983 8394 6586 9715 7518 8908 1225 9294 9311
17 7117 6669 6069 8989 8110 6280 3326 9249 9989 9122 8002 5736 446 8036 2888 8411 4568
29 3176 9385 313 4555 9731 4327 9133 9912 4584 5941 7749 3372 1715 1810 8540 7842 6281 731 534 3628 7302 6588 4650 4945 6623 4116 2746 7597 7968
13 9495 3557 2937 8523 1182 8996 1907 9421 6920 7091 8516 9498 4471
30 6004 6327 4587 3082 8191 560 5861 3974 833 7045 1584 2052 9333 3356 4746 5810 6679 4188 3551 8971 4176 2028 7 2083 5121 1507 6193 5024 6096 9811
29 6168 3947 1260 1977 5422 1232 2665 2640 106 9027 8631 7516 9882 1461 202 2228 7865 3574 7363 8153 8738 9665 1780 3223 5346 1107 3703 6959 7524
11 5517 212 7579 7019 5457 5557 5658 2504 991 9843 2528
15 2230 4717 1416 6629 9183 8997 1918 1670 2721 3000 7050 5842 5531 1301 5159
23 9503 9926 7567 3565 3807 2217 6133 3622 9248 4236 30 355 395 8027 2319 9006 3039 4330 1337 4212 4312 2175 7773
4 4467 4843 592 5226
24 8892 9640 172 9018 1733 7342 7778 1302 2680 2025 9324 1934 3610 2063 581 5217 2354 2965 5741 6315 110 1713 6595 8980
24 873 5417 7220 9150 6415 8748 1870 8817 5309 3484 5068 6027 3545 94 8286 2493 3642 5873 1157 8837 4977 3819 4918 5077
26 6053 4153 5602 2352 6398 6814 5043 7745 8245 1876 8261 5464 4235 3919 676 7032 6180 6812 628 7022 4216 4943 4095 3273 2902 8226
20 8548 6765 7085 2577 8504 2745 4966 8560 5702 6268 1198 4111 7147 8919 7803 7617 8910 4735 635 3110
20 8978 4299 2112 7692 1487 3393 8101 3507 8767 774 5314 2452 6926 1767 357 6167 78 1649 6105 1140
13 6875 3017 7444 9899 5007 8280 7835 548 9032 7589 1366 9067 390
13 4112 6202 5347 2787 6048 1553 5994 3099 7812 7075 389 4339 2814
26 8203 2657 2717 7924 808 1464 6203 83 887 6785 8673 2950 154 8436 6628 2708 7439 7258 3769 6768 2625 7079 2628 9061 6461 4185
17 3773 47 5627 9949 2578 5170 8486 1458 7493 6515 6796 8295 8238 6702 2886 60 7611
14 4575 209 3614 9821 6763 3873 7072 972 185 3336 6256 4427 8949 6676
17 7347 2805 2129 6540 589 4464 9727 3916 6990 787 124 1174 8405 8777 2491 899 1425
27 8274 7574 1550 7710 9410 6570 3227 5619 7370 1008 3874 6699 5470 1065 5904 7531 3813 2678 2257 3144 2149 7480 3804 1205 7126 6761 8716
17 3910 1640 5668 9182 1587 3290 105 4089 254 4840 9302 9023 1283 1073 1130 7615 1956
12 7314 35 2207 7256 1023 4155 7961 162 5823 5671 4600 9999
13 9602 5748 9349 3072 6442 5484 7340 7106 6600 9220 9782 7138 1254
15 4624 1233 9634 3537 2831 5579 1595 7453 6276 5118 264 784 143 5264 5399
13 3779 6430 9375 7595 3165 7513 1944 6120 6696 5444 6151 9977 8210
18 3362 7483 3282 6488 7132 6047 9185 2325 3300 3568 6928 525 8522 1936 269 746 7577 5973
25 8573 7876 6856 5650 6512 853 9284 6907 9038 6211 4086 2882 103 5482 9148 8697 1298 8354 2617 5111 860 2637 6291 4968 7985
18 8786 4246 4050 5240 8079 6601 7548 7043 4195 9228 2760 4221 3757 2933 6581 7879 6171 5478
15 3317 5120 8348 3468 8324 9156 7207 9370 7221 163 8307 9085 6779 7990 6665
27 6192 565 9795 7883 6969 7191 8412 9742 3623 3469 4159 2909 122 4044 4906 257 6709 1678 5355 2317 5378 7431 960 8180 7888 6717 5731
24 9806 7236 9804 7253 5409 843 8296 5123 1176 320 7164 5092 9447 6790 973 4082 6520 522 1398 8386 5435 5551 5616 2658
5 8224 6634 3539 2794 3286
30 3510 6475 5352 942 5366 2556 6163 6932 5451 7592 6905 3772 4533 5340 8544 9643 9533 5733 806 3674 8387 7160 9323 2616 4757 4922 7826 8195 623 4901
17 2074 5012 9610 8671 1239 4063 6331 2565 2397 9859 1541 285 6391 2229 22 7646 5975
6 1177 6425 7668 7438 444 6544
22 2495 483 3789 9678 6346 2543 847 6161 1393 9724 9229 4135 5168 964 6224 8478 9034 6611 6482 5685 6250 4383
23 1970 8681 3054 708 4274 8220 2248 8416 7004 9541 8749 9403 9708 5456 2894 6154 8041 5022 9126 9443 2865 4996 9711
28 7975 5090 7323 9871 9064 4643 1181 9952 5310 5933 3570 4499 3070 3672 6240 5880 2633 5083 6423 1682 9588 8754 7514 8409 8455 8275 4728 438
25 730 95 267 7208 660 7479 5279 9478 5301 9838 3561 9001 3079 1946 3137 2632 9862 5000 8946 4240 3998 5549 1878 4760 1403
24 1955 7243 1252 7922 9710 8555 6956 2675 5809 5901 8150 8063 2 8064 8471 1666 1906 3706 9174 2647 1244 6107 1356 4054
7 150 5686 7193 6809 6272 7693 2053
16 720 7867 9345 8421 8882 3775 5400 2547 1716 2630 2959 1402 6609 6816 2960 6517
30 8440 9549 7698 8575 4652 85 9381 5382 4638 3851 3271 618 4279 386 1235 5052 7582 1463 9086 80 745 570 9066 6936 2349 6074 2878 1086 5269 757
26 9543 6718 5566 3594 4764 9972 2076 2275 715 6056 7931 3862 4062 9106 5630 6880 6231 7090 2269 5321 3733 6487 1808 5272 2914 5449
23 9636 9620 376 7263 7216 2072 2407 7764 7830 8237 7237 1275 4549 7101 5420 3142 6014 7385 6988 605 3787 8508 2152
29 9078 4807 7884 1365 7777 2394 1523 5915 4653 2907 5105 7407 6157 8976 4851 1145 3299 5357 8432 9835 3511 1974 2283 347 3344 5542 6388 2202 9146
18 8198 3105 417 3398 7732 1738 4045 3373 5899 2292 9566 4293 6722 7809 6725 1935 3184 6434
4 3541 975 2573 3264
9 2718 3800 3944 4401 7833 1552 5130 7215 8850
6 409 3938 476 2583 2998 2839
11 364 217 3374 6086 6787 1811 885 1928 7539 3702 9097
13 332 1529 6859 5705 7774 9414 6760 3899 5867 3715 702 9747 749
4 6879 3262 4810 3088
21 2780 6186 378 2919 6597 6066 81 5914 9400 1053 8829 4438 8732 205 9204 8255 7469 2629 1479 2421 1084
21 4836 9897 8782 9963 9632 52 9441 2766 3509 7205 3847 8291 5097 1622 4517 6801 3246 706 2855 5883 3965
23 3991 3602 2934 2181 3721 4034 3434 6197 249 6416 8603 5462 1591 7153 6174 4166 4900 2255 6278 4812 2822 4563 131
25 8346 1655 9743 6538 2776 1537 9647 2045 2558 979 7305 2513 2601 3436 4248 7755 6824 6353 5625 7177 2991 6590 3448 3074 6090
10 4502 935 2551 5622 3829 3429 7014 350 5353 1000
16 5282 210 1913 7847 7203 969 1943 193 7474 130 3498 1470 6437 9322 8721 492
23 4154 1723 5539 5263 292 8151 9833 6630 2910 5804 6165 9939 5565 9867 4950 1289 7354 4361 3084 5095 2326 6685 234
20 8382 7557 381 5428 3366 2673 5951 4328 7903 7267 7926 8491 384 8975 6935 3019 5623 4697 7183 7112
23 7249 6550 8795 3194 3181 5792 7498 8072 5256 8326 8127 4521 9416 2485 3525 7500 9173 7765 8677 4672 5467 9875 4530
15 4761 3966 6076 1459 5550 3621 4800 9482 9810 4942 4430 9250 5258 3881 8422
9 9874 2497 6392 2041 7232 6182 7684 905 8047
26 8351 3816 8219 1102 8176 4503 9232 2652 5009 3997 3673 8551 4121 8345 4899 1772 8067 6176 5722 7449 4201 291 5946 5912 8866 6470
26 8157 4107 4493 494 2979 3785 8018 4594 7614 8857 8963 4701 153 6578 4898 7313 5805 5759 7473 4462 3423 5613 3633 2806 6993 8789
12 8835 6012 4658 633 6196 6270 6484 8493 9132 2095 6344 1855
10 6536 9557 9477 8367 1319 8936 451 8757 8417 4321
16 3866 1986 4613 7494 4986 772 9234 1062 9346 9973 6028 7484 2145 2133 5596 6533
15 9744 3325 8228 4006 7695 9342 5677 5772 7596 4783 8723 1380 1128 1473 4424
17 7373 4940 3169 8485 8542 8687 3258 8952 8883 7918 6235 7006 2438 1736 5384 2189 9515
20 5017 6503 8236 2751 1629 6006 7137 6429 309 1124 5128 7240 8709 6310 5056 3280 7290 7676 302 8654
12 9631 1777 607 2984 8968 6236 5834 6099 3872 7039 5926 3349
7 7430 856 529 767 5764 9031 6190
24 5285 956 8614 5187 6537 8737 244 5844 7907 5070 5864 4096 1420 7587 4009 2631 9083 7100 6906 8805 6564 7233 3890 6439
15 3830 5182 9464 3732 6336 3970 4227 7805 3843 9438 1197 4802 4675 8814 1339
23 1527 1830 596 8995 907 2362 1081 1937 2557 9433 8550 9330 7394 8917 7125 4715 3389 9699 2371 8349 1258 3020 2238
21 4349 6000 4585 751 5050 2160 2386 9101 8984 9496 5076 1561 4317 8005 460 8999 1680 1514 5817 9650 4186
18 3263 5663 2442 823 1263 6744 4874 7273 4974 4754 3598 3684 3801 5750 3254 1158 1495 6212
28 428 4558 1601 8831 7759 7411 643 6593 8780 5356 1639 9420 8988 2037 2713 5154 7262 6726 5002 9091 3379 4631 220 1615 6010 4142 1708 630
24 1313 8856 7685 1910 3190 4326 5045 5465 2122 6681 4406 2281 5909 5383 5590 2733 8305 673 1526 9332 1694 3113 3652 8156
21 7465 3108 9735 5830 8761 6013 9836 8800 4397 1297 716 544 8916 5073 6712 260 1165 7327 4053 8050 5059
16 5562 1590 1031 1783 278 3351 4351 6776 1026 8526 8828 2872 911 5499 2671 9507
12 4673 3554 849 559 7344 8272 9928 6657 3499 6178 2346 2376
6 3462 802 7172 9164 7211 7110
30 1223 9104 3783 9419 66 3513 4696 2924 883 5062 5133 3182 9114 9722 2844 678 3045 9237 9470 6798 6130 6530 2943 858 5414 2650 5096 265 8724 5296
6 3512 1111 8445 5660 3102 1880
23 8448 266 2180 5375 9475 2753 175 1016 3163 3776 4368 7260 1945 8048 7839 5966 6303 4952 1360 140 5162 6311 8120
29 3490 3605 9524 4481 1886 1613 1644 7048 6121 7604 6865 5610 7488 4456 4263 4789 4730 5851 2646 7852 3217 2195 8985 8206 8658 3040 6153 2337 4987
4 5516 3058 5779 4887
7 7666 4782 9130 4017 5553 2549 5067
28 7255 6818 3906 4615 7811 4776 7081 485 6757 8798 7296 6821 1834 8745 3266 3841 3437 2685 1654 2911 8347 4102 4684 7175 6400 1895 9601 7496
25 8338 3411 4410 3047 8194 7746 6784 8956 509 4784 2040 4470 576 4985 3738 6225 3018 4524 1049 1249 2029 2427 4737 3427 7688
9 2973 9254 846 8071 712 9642 2594 1043 5659
26 6420 5158 2653 7988 4924 7654 4722 7542 8547 8764 8650 4388 8841 7653 8680 7966 738 1183 954 5397 9415 651 7343 9552 6569 4531
19 9045 8554 4938 3232 2797 934 4969 5684 5394 4921 857 4266 3474 8268 8974 2859 5292 9739 7362
28 168 5711 1902 4366 3482 7315 294 5452 5001 1504 2023 5329 4856 9919 467 2068 3912 8060 7786 8318 340 4254 3303 3094 3456 2064 2287 4049
7 4875 4629 1721 9980 1791 1774 9287
18 5829 9071 2654 3839 7576 4528 2533 7089 7828 5144 573 7776 4288 9432 8507 3644 6273 2130
26 533 7174 4880 7558 6850 4353 8987 6806 3556 3443 8105 6292 67 543 9758 1822 9029 5739 470 3387 3081 2258 411 7559 9454 2659
12 4720 5719 5678 161 4958 6698 659 8058 3946 2315 1844 6994
12 9633 6645 6009 9392 821 5160 8444 1922 4797 5797 1118 3134
24 9815 6498 8173 2368 930 4130 4398 3896 5632 7564 1790 8895 5481 7680 1485 7976 6267 5416 7932 3198 1091 7450 6349 9290
23 9628 1843 2639 4065 938 8494 3267 6888 9103 695 4543 3416 5117 2756 5921 253 5754 7854 7844 4640 664 5749 8648
30 6360 6567 5674 64 1862 3531 949 3646 8014 2121 4884 2874 7222 3135 2370 6619 736 9767 7781 6754 8427 5195 5789 2022 7332 5895 7606 7977 1809 5874
27 6547 7034 4854 6971 6188 3133 9553 2548 1264 7866 5527 7286 2532 3796 9363 184 5419 6286 1025 2763 4719 2824 8626 2096 5485 3378 8897
13 2399 6413 9450 1647 6705 2105 7816 3746 377 3986 3 7506 8433
6 6942 3666 9190 5091 9765 7641
31 199 1873 3112 4372 2771 9570 9265 7445 7697 5064 9574 6605 4718 1819 8004 9593 238 3150 2340 7583 6314 721 781 2962 5773 7946 9971 58 3931 845 144
3 9586 3936 7678
14 498 895 6261 1474 3418 7633 8023 8502 8097 928 7326 7819 6778 2887
10 419 3375 1627 6480 578 523 6909 4939 3496 8563
28 1240 4028 2981 4532 9319 7987 5442 7009 8590 3573 8750 3763 9212 8729 7974 703 8927 7571 1616 9399 466 1607 8880 7283 176 913 900 1120
27 318 208 8259 2119 3675 396 9028 9303 1709 8616 2213 6655 4067 1450 3756 28 2785 1358 3337 4239 6553 2080 3950 4077 7951 5443 7133
18 1206 8815 4824 6345 4566 255 693 5274 5271 5175 7942 2672 1648 8483 5752 6046 4303 4220
29 5777 2167 2464 7636 5701 6832 9408 6094 6904 2383 5305 8646 399 3593 171 3399 1743 4621 4597 3960 8651 2772 8944 9041 3911 2490 2689 5348 9938
13 9297 2992 5303 4659 3958 8597 2187 9151 9817 7691 2359 1932 8824
20 7000 2635 9492 6647 4944 1179 1589 2393 3044 3811 3782 6447 2546 6226 9661 7591 1673 888 5918 8994
7 4920 8146 4973 3802 7135 872 4949
23 69 7683 3026 6034 9576 2355 3062 4871 3146 8401 4634 929 1199 5373 670 6974 9489 4367 8269 1849 8572 4324 6288
25 3875 57 4409 5628 4300 1859 2867 3505 6751 8843 1960 4343 4357 4893 4562 4198 2834 4468 6509 5490 2499 1333 5745 9206 7989
9 3050 4602 3663 2482 7041 9604 2527 3669 9377
24 4830 9751 1346 8300 7715 4031 7843 6596 65 7502 7440 9225 1753 2955 8335 9674 8336 7753 8162 2226 1379 5657 8666 7673
15 3544 2570 9457 2741 177 9900 4838 9235 5633 1214 3864 2987 8501 7416 6032
6 4011 7703 8196 1440 5940 3367
12 4482 7246 2732 3098 9062 1710 138 1787 5386 819 793 8253
19 4285 3191 2077 5433 1294 2930 1441 7642 8719 8052 2860 7970 8859 8756 3934 6330 7954 182 5047
31 6029 9680 1729 1835 871 2108 1257 5564 8864 5323 1166 9479 4073 9378 4964 3392 8250 5558 116 6636 7930 2553 1329 5149 8966 2363 4375 5806 4354 4308 8838
12 9485 3885 5234 8546 2082 6463 2870 8441 4994 8454 2114 2318
21 1326 8796 8955 6244 5260 2388 5021 7872 7793 3031 6883 9607 2561 9542 1435 1982 5877 5339 2347 1659 5555
30 8816 5351 4806 5601 9068 4798 7066 711 6677 3750 2042 9779 639 6820 283 6682 9366 4442 9877 3237 45 5987 8084 6233 2750 6419 3189 7481 8607 5798
4 7196 9763 5761 9530
25 4228 4029 4171 6380 369 2314 3155 542 4491 2043 2846 7392 1368 9368 235 5233 1291 1072 8476 4419 5800 8114 7863 1095 3417
12 1997 2212 5336 8914 3151 4956 4931 1658 7395 7953 2961 3097
15 2440 656 3879 7901 2661 8909 867 5221 6769 2769 4085 3967 9163 6129 3491
17 3475 1685 1381 7921 4187 7155 4771 2158 3587 1764 165 9887 107 6045 3369 1191 3712
18 9109 2178 6213 8694 2505 6737 4971 5526 9789 8182 2534 4550 5519 7689 5767 8649 2956 9740
23 8285 6316 8772 5291 6967 3439 8028 6999 3278 2684 1572 3446 9870 2560 2381 2655 7396 5223 5774 9814 6302 2196 3656
10 448 8085 5656 1079 4713 178 1110 1376 82 587
29 6128 4115 3370 4007 8951 7134 6098 9822 9896 7770 3754 7573 3765 6223 9917 6862 8833 8524 8325 600 3503 3526 4548 1274 9178 9956 4813 3128 9960
20 780 9314 233 173 7353 5729 1671 359 2334 7838 9522 2974 5109 7851 1704 2188 8934 4542 1173 9759
28 5732 2999 7162 1152 1098 397 458 4834 4866 5878 8366 5664 151 4692 7790 288 4461 5747 6568 1574 8769 5927 2725 944 3287 7350 4305 828
9 2425 9289 3760 7478 8066 9271 8538 7391 5273
13 8823 665 1460 4450 1325 2290 9073 7122 1442 9465 7696 56 2610
23 1186 146 6989 6716 9612 9077 9226 3425 4892 2241 5041 4012 4768 3428 8400 836 5943 2405 7995 6827 5707 1216 8622
8 7874 8192 7815 4465 8130 7184 5942 5652
11 2896 4035 2585 6407 1246 3823 4030 2050 3252 7813 3185
4 2132 2140 8306 7376
15 7097 1686 380 990 7569 9639 4498 1981 7754 880 2373 8289 4272 6542 2939
27 9562 4141 4245 4749 4371 2667 6082 4278 2568 5998 7145 6389 8741 8136 561 2142 3613 4218 8565 6543 2389 5215 2165 7044 6955 4203 758
28 4657 6927 9276 5082 4415 4773 3710 3450 1592 3077 3221 9247 4093 6774 4710 9697 6604 4982 8165 681 7845 6976 5634 8685 1801 480 4269 5439
15 497 8854 2033 6132 3524 7762 6367 2948 1785 9873 4967 2815 562 3626 7996
27 8991 8128 5495 6313 7425 9481 6930 76 6386 8691 8446 484 5692 2154 2923 8299 4454 2719 6117 7969 7095 3926 336 418 4766 6448 231
11 9613 8298 7933 3793 7613 2067 5515 2823 8398 3274 5404
20 8419 6575 5287 9158 2044 8373 1539 9328 2670 4992 7403 6137 7292 985 6055 6229 8839 5412 6441 1823
18 5892 4291 4544 8403 91 8970 967 9992 4642 9141 8788 1481 6895 4392 5735 2170 4445 1547
12 7690 1465 9538 645 9466 8585 2192 7080 7178 7645 9026 4941
28 9702 7785 9889 156 5008 1947 9950 7167 8871 8450 2309 8428 2526 1310 4316 7454 2102 2003 7925 5110 404 4488 6867 1445 526 6417 3571 2940
14 4405 1146 4932 798 1744 4271 6781 593 9606 3464 1185 8100 4908 4296
13 3566 7152 1168 8981 4433 2958 1392 8125 3174 8605 1141 1576 2457
28 6984 5069 4639 6374 2884 8869 5033 8801 2612 1104 9667 402 4472 2841 7566 3661 11 2218 5061 4919 8881 8875 4738 4612 9791 2475 5493 8913
9 3740 4990 7068 6915 275 4329 2747 7784 5653
25 5620 2333 986 9564 4744 2291 8510 6864 3845 4667 3592 9998 1624 6552 8107 9386 7541 2619 3809 54 8684 6700 9771 3792 6051
25 6771 982 422 8806 2075 40 8638 8159 9167 6793 3269 3767 9009 1370 577 2199 6328 1347 9760 7181 6731 9243 2843 9614 2862
20 1386 2686 657 115 6587 5014 2115 1248 5380 134 4979 4852 8513 1885 7797 3244 5863 4222 503 5573
15 1963 9116 7840 7665 3904 9388 5782 8820 3211 9240 3201 6583 6384 3522 4883
26 8747 1884 3215 2602 5514 4147 365 2021 7651 9783 6116 4660 1296 9978 7590 9096 8322 5190 5438 4434 5972 2450 1064 669 4778 3664
21 7380 3119 9846 8263 1299 21 10 9361 5583 1395 1499 9337 1854 9021 9653 9211 6691 7358 6964 1868 8078
9 507 7682 9186 5518 7295 5354 2070 1594 535
7 9579 2648 4689 6519 2375 8693 1555
13 6764 6523 4485 7278 1968 8667 7234 6800 8109 9143 7806 612 7909
24 2245 3116 7534 2220 1752 281 5959 6848 2722 866 5139 4912 4878 1964 7871 539 8076 5326 968 7997 7310 2211 1599 12
26 1 8937 8167 7769 799 4114 5569 1389 6312 3277 4168 9428 999 2237 5463 5585 9059 6841 5726 7981 9580 9005 869 1938 3012 8375
18 9002 4139 896 5838 1422 7187 9082 4853 2541 4422 3302 68 2301 7869 5311 5964 8152 4277
16 3616 2600 1046 8595 4552 1309 9526 7339 2366 4043 5391 9460 7914 6996 9275 5979
4 7442 1175 5036 4027
10 1863 9497 415 2809 7532 7817 15 9968 3341 6063
27 984 9033 2613 709 2395 3798 516 9694 9298 7266 5523 5532 1328 2501 3808 5986 8258 8390 2545 3419 1056 1083 3581 5142 1426 5894 7906
11 7190 4645 5913 3770 23 9618 7607 4081 3720 9048 2540
23 8059 3542 9138 1480 1476 9074 6114 1188 698 8344 2768 4567 7521 6697 528 3076 236 755 4753 3533 2103 2224 1653
